0 info it worked if it ends with ok
1 verbose cli [ '/home/pdavila/Programas/node-v7.6.0-linux-x64/bin/node',
1 verbose cli   '/home/pdavila/Programas/node-v7.6.0-linux-x64/bin/npm',
1 verbose cli   'run',
1 verbose cli   'watch' ]
2 info using npm@4.1.2
3 info using node@v7.6.0
4 verbose stack Error: missing script: watch
4 verbose stack     at run (/home/pdavila/Programas/node-v7.6.0-linux-x64/lib/node_modules/npm/lib/run-script.js:151:19)
4 verbose stack     at /home/pdavila/Programas/node-v7.6.0-linux-x64/lib/node_modules/npm/lib/run-script.js:61:5
4 verbose stack     at /home/pdavila/Programas/node-v7.6.0-linux-x64/lib/node_modules/npm/node_modules/read-package-json/read-json.js:356:5
4 verbose stack     at checkBinReferences_ (/home/pdavila/Programas/node-v7.6.0-linux-x64/lib/node_modules/npm/node_modules/read-package-json/read-json.js:320:45)
4 verbose stack     at final (/home/pdavila/Programas/node-v7.6.0-linux-x64/lib/node_modules/npm/node_modules/read-package-json/read-json.js:354:3)
4 verbose stack     at then (/home/pdavila/Programas/node-v7.6.0-linux-x64/lib/node_modules/npm/node_modules/read-package-json/read-json.js:124:5)
4 verbose stack     at /home/pdavila/Programas/node-v7.6.0-linux-x64/lib/node_modules/npm/node_modules/read-package-json/read-json.js:311:12
4 verbose stack     at /home/pdavila/Programas/node-v7.6.0-linux-x64/lib/node_modules/npm/node_modules/graceful-fs/graceful-fs.js:78:16
4 verbose stack     at tryToString (fs.js:447:3)
4 verbose stack     at FSReqWrap.readFileAfterClose [as oncomplete] (fs.js:434:12)
5 verbose cwd /home/pdavila/Code/Phaser/platform_game_es6
6 error Linux 3.16.0-4-amd64
7 error argv "/home/pdavila/Programas/node-v7.6.0-linux-x64/bin/node" "/home/pdavila/Programas/node-v7.6.0-linux-x64/bin/npm" "run" "watch"
8 error node v7.6.0
9 error npm  v4.1.2
10 error missing script: watch
11 error If you need help, you may report this error at:
11 error     <https://github.com/npm/npm/issues>
12 verbose exit [ 1, true ]
